mode: atomic
/home/brian/projects/ggoption-pricing/blackscholes/blackscholes.go:16.40,18.2 1 0
/home/brian/projects/ggoption-pricing/blackscholes/blackscholes.go:22.27,24.2 1 0
/home/brian/projects/ggoption-pricing/blackscholes/blackscholes.go:27.39,31.2 3 0
/home/brian/projects/ggoption-pricing/blackscholes/blackscholes.go:34.38,38.2 3 0
/home/brian/projects/ggoption-pricing/blackscholes/blackscholes.go:41.56,49.2 6 0
/home/brian/projects/ggoption-pricing/blackscholes/blackscholes.go:52.37,55.2 2 0
/home/brian/projects/ggoption-pricing/blackscholes/blackscholes.go:58.35,60.2 1 0
